<?xml version="1.0" encoding="UTF-8"?>
<!-- Generated by org.testng.reporters.JUnitXMLReporter -->
<testsuite ignored="0" hostname="RESHMA" failures="0" tests="8" name="Test" time="37.136" errors="0" timestamp="2024-09-20T11:00:16 IST">
  <testcase classname="in.amazon.Index" name="loginapp" time="3.889"/>
  <testcase classname="in.amazon.Index" name="search" time="4.948"/>
  <testcase classname="in.amazon.Index" name="findinfmobiles" time="0.231"/>
  <testcase classname="in.amazon.Index" name="priceofparticular" time="0.427"/>
  <testcase classname="in.amazon.Index" name="loginapp" time="5.113"/>
  <testcase classname="in.amazon.Index" name="search" time="6.228"/>
  <testcase classname="in.amazon.Index" name="findinfmobiles" time="0.366"/>
  <testcase classname="in.amazon.Index" name="priceofparticular" time="0.246"/>
</testsuite> <!-- Test -->
