<?xml version="1.0" encoding="UTF-8"?>
<testng-results ignored="0" total="8" passed="8" failed="0" skipped="0">
  <reporter-output>
  </reporter-output>
  <suite started-at="2024-09-20T10:59:39 IST" name="Suite" finished-at="2024-09-20T11:00:16 IST" duration-ms="37136">
    <groups>
    </groups>
    <test started-at="2024-09-20T10:59:39 IST" name="Test" finished-at="2024-09-20T11:00:16 IST" duration-ms="37136">
      <class name="in.amazon.Index">
        <test-method is-config="true" signature="launchtheapplication()[pri:0, instance:in.amazon.Index@402c4085]" started-at="2024-09-20T10:59:39 IST" name="launchtheapplication" finished-at="2024-09-20T10:59:46 IST" duration-ms="7517" status="PASS">
          <reporter-output>
          </reporter-output>
        </test-method> <!-- launchtheapplication -->
        <test-method signature="loginapp(java.lang.String,java.lang.String)[pri:1, instance:in.amazon.Index@402c4085]" started-at="2024-09-20T10:59:46 IST" name="loginapp" finished-at="2024-09-20T10:59:50 IST" duration-ms="3889" status="PASS">
          <params>
            <param index="0">
              <value>
                <![CDATA[6385484118]]>
              </value>
            </param>
            <param index="1">
              <value>
                <![CDATA[123456]]>
              </value>
            </param>
          </params>
          <reporter-output>
          </reporter-output>
        </test-method> <!-- loginapp -->
        <test-method signature="search(java.lang.String)[pri:2, instance:in.amazon.Index@402c4085]" started-at="2024-09-20T10:59:50 IST" name="search" data-provider="data" finished-at="2024-09-20T10:59:55 IST" duration-ms="4948" status="PASS">
          <params>
            <param index="0">
              <value>
                <![CDATA[iphone16]]>
              </value>
            </param>
          </params>
          <reporter-output>
          </reporter-output>
        </test-method> <!-- search -->
        <test-method signature="findinfmobiles()[pri:3, instance:in.amazon.Index@402c4085]" started-at="2024-09-20T10:59:55 IST" name="findinfmobiles" finished-at="2024-09-20T10:59:55 IST" duration-ms="231" status="PASS">
          <reporter-output>
          </reporter-output>
        </test-method> <!-- findinfmobiles -->
        <test-method signature="priceofparticular()[pri:4, instance:in.amazon.Index@402c4085]" started-at="2024-09-20T10:59:55 IST" name="priceofparticular" finished-at="2024-09-20T10:59:56 IST" duration-ms="427" status="PASS">
          <reporter-output>
          </reporter-output>
        </test-method> <!-- priceofparticular -->
      </class> <!-- in.amazon.Index -->
      <class name="in.amazon.Giftcard">
        <test-method is-config="true" signature="launchtheapplication()[pri:0, instance:in.amazon.Giftcard@cecf639]" started-at="2024-09-20T10:59:56 IST" name="launchtheapplication" finished-at="2024-09-20T11:00:04 IST" duration-ms="8057" status="PASS">
          <reporter-output>
          </reporter-output>
        </test-method> <!-- launchtheapplication -->
        <test-method signature="loginapp(java.lang.String,java.lang.String)[pri:1, instance:in.amazon.Giftcard@cecf639]" started-at="2024-09-20T11:00:04 IST" name="loginapp" finished-at="2024-09-20T11:00:09 IST" duration-ms="5113" status="PASS">
          <params>
            <param index="0">
              <value>
                <![CDATA[6385484118]]>
              </value>
            </param>
            <param index="1">
              <value>
                <![CDATA[123456]]>
              </value>
            </param>
          </params>
          <reporter-output>
          </reporter-output>
        </test-method> <!-- loginapp -->
        <test-method signature="search(java.lang.String)[pri:2, instance:in.amazon.Giftcard@cecf639]" started-at="2024-09-20T11:00:09 IST" name="search" data-provider="data" finished-at="2024-09-20T11:00:15 IST" duration-ms="6228" status="PASS">
          <params>
            <param index="0">
              <value>
                <![CDATA[iphone16]]>
              </value>
            </param>
          </params>
          <reporter-output>
          </reporter-output>
        </test-method> <!-- search -->
        <test-method signature="findinfmobiles()[pri:3, instance:in.amazon.Giftcard@cecf639]" started-at="2024-09-20T11:00:15 IST" name="findinfmobiles" finished-at="2024-09-20T11:00:16 IST" duration-ms="366" status="PASS">
          <reporter-output>
          </reporter-output>
        </test-method> <!-- findinfmobiles -->
        <test-method signature="priceofparticular()[pri:4, instance:in.amazon.Giftcard@cecf639]" started-at="2024-09-20T11:00:16 IST" name="priceofparticular" finished-at="2024-09-20T11:00:16 IST" duration-ms="246" status="PASS">
          <reporter-output>
          </reporter-output>
        </test-method> <!-- priceofparticular -->
      </class> <!-- in.amazon.Giftcard -->
    </test> <!-- Test -->
  </suite> <!-- Suite -->
</testng-results>
